<?xml version="1.0" encoding="UTF-8"?>
<testng-results skipped="0" failed="2" total="15" passed="13">
  <reporter-output>
  </reporter-output>
  <suite name="Command line suite" duration-ms="178" started-at="2019-03-08T11:22:15Z" finished-at="2019-03-08T11:22:15Z">
    <groups>
      <group name="aaa">
        <method signature="BTest.b2()[pri:0, instance:com.clc.util.BTest@5594a1b5]" name="b2" class="com.clc.util.BTest"/>
      </group> <!-- aaa -->
      <group name="bbb">
        <method signature="BTest.b2()[pri:0, instance:com.clc.util.BTest@5594a1b5]" name="b2" class="com.clc.util.BTest"/>
        <method signature="BTest.b3()[pri:0, instance:com.clc.util.BTest@5594a1b5]" name="b3" class="com.clc.util.BTest"/>
      </group> <!-- bbb -->
    </groups>
    <test name="Command line test" duration-ms="178" started-at="2019-03-08T11:22:15Z" finished-at="2019-03-08T11:22:15Z">
      <class name="com.clc.util.BTest">
        <test-method status="PASS" signature="b2()[pri:0, instance:com.clc.util.BTest@5594a1b5]" name="b2" duration-ms="1" started-at="2019-03-08T16:52:15Z" finished-at="2019-03-08T16:52:15Z">
          <reporter-output>
          </reporter-output>
        </test-method> <!-- b2 -->
        <test-method status="PASS" signature="b3()[pri:0, instance:com.clc.util.BTest@5594a1b5]" name="b3" duration-ms="3" started-at="2019-03-08T16:52:15Z" finished-at="2019-03-08T16:52:15Z">
          <reporter-output>
          </reporter-output>
        </test-method> <!-- b3 -->
        <test-method status="PASS" signature="b5()[pri:0, instance:com.clc.util.BTest@5594a1b5]" name="b5" duration-ms="1" started-at="2019-03-08T16:52:15Z" finished-at="2019-03-08T16:52:15Z">
          <reporter-output>
          </reporter-output>
        </test-method> <!-- b5 -->
        <test-method status="PASS" signature="b6()[pri:0, instance:com.clc.util.BTest@5594a1b5]" name="b6" duration-ms="0" started-at="2019-03-08T16:52:15Z" finished-at="2019-03-08T16:52:15Z">
          <reporter-output>
          </reporter-output>
        </test-method> <!-- b6 -->
        <test-method status="PASS" signature="b1()[pri:1, instance:com.clc.util.BTest@5594a1b5]" name="b1" duration-ms="1" started-at="2019-03-08T16:52:15Z" finished-at="2019-03-08T16:52:15Z">
          <reporter-output>
          </reporter-output>
        </test-method> <!-- b1 -->
        <test-method status="PASS" signature="b4()[pri:2, instance:com.clc.util.BTest@5594a1b5]" name="b4" duration-ms="0" started-at="2019-03-08T16:52:15Z" finished-at="2019-03-08T16:52:15Z">
          <reporter-output>
          </reporter-output>
        </test-method> <!-- b4 -->
        <test-method status="PASS" signature="reportGeneration()[pri:0, instance:com.clc.util.BTest@5594a1b5]" name="reportGeneration" is-config="true" duration-ms="1" started-at="2019-03-08T16:52:16Z" finished-at="2019-03-08T16:52:16Z">
          <reporter-output>
          </reporter-output>
        </test-method> <!-- reportGeneration -->
      </class> <!-- com.clc.util.BTest -->
      <class name="com.clc.util.ATest">
        <test-method status="FAIL" signature="m7(java.lang.String)[pri:0, instance:com.clc.util.ATest@43a25848]" name="m7" duration-ms="33" started-at="2019-03-08T16:52:15Z" finished-at="2019-03-08T16:52:15Z">
          <params>
            <param index="0">
              <value>
                <![CDATA[linux]]>
              </value>
            </param>
          </params>
          <exception class="java.lang.ArithmeticException">
            <message>
              <![CDATA[/ by zero]]>
            </message>
            <full-stacktrace>
              <![CDATA[java.lang.ArithmeticException: / by zero
	at com.clc.util.ATest.m7(ATest.java:67)
	at sun.reflect.NativeMethodAccessorImpl.invoke0(Native Method)
	at sun.reflect.NativeMethodAccessorImpl.invoke(NativeMethodAccessorImpl.java:62)
	at sun.reflect.DelegatingMethodAccessorImpl.invoke(DelegatingMethodAccessorImpl.java:43)
	at java.lang.reflect.Method.invoke(Method.java:498)
	at org.testng.internal.MethodInvocationHelper.invokeMethod(MethodInvocationHelper.java:86)
	at org.testng.internal.Invoker.invokeMethod(Invoker.java:643)
	at org.testng.internal.Invoker.invokeTestMethod(Invoker.java:820)
	at org.testng.internal.Invoker.invokeTestMethods(Invoker.java:1128)
	at org.testng.internal.TestMethodWorker.invokeTestMethods(TestMethodWorker.java:129)
	at org.testng.internal.TestMethodWorker.run(TestMethodWorker.java:112)
	at org.testng.TestRunner.privateRun(TestRunner.java:782)
	at org.testng.TestRunner.run(TestRunner.java:632)
	at org.testng.SuiteRunner.runTest(SuiteRunner.java:366)
	at org.testng.SuiteRunner.runSequentially(SuiteRunner.java:361)
	at org.testng.SuiteRunner.privateRun(SuiteRunner.java:319)
	at org.testng.SuiteRunner.run(SuiteRunner.java:268)
	at org.testng.SuiteRunnerWorker.runSuite(SuiteRunnerWorker.java:52)
	at org.testng.SuiteRunnerWorker.run(SuiteRunnerWorker.java:86)
	at org.testng.TestNG.runSuitesSequentially(TestNG.java:1244)
	at org.testng.TestNG.runSuitesLocally(TestNG.java:1169)
	at org.testng.TestNG.run(TestNG.java:1064)
	at org.apache.maven.surefire.testng.TestNGExecutor.run(TestNGExecutor.java:77)
	at org.apache.maven.surefire.testng.TestNGDirectoryTestSuite.executeMulti(TestNGDirectoryTestSuite.java:159)
	at org.apache.maven.surefire.testng.TestNGDirectoryTestSuite.execute(TestNGDirectoryTestSuite.java:99)
	at org.apache.maven.surefire.testng.TestNGProvider.invoke(TestNGProvider.java:106)
	at sun.reflect.NativeMethodAccessorImpl.invoke0(Native Method)
	at sun.reflect.NativeMethodAccessorImpl.invoke(NativeMethodAccessorImpl.java:62)
	at sun.reflect.DelegatingMethodAccessorImpl.invoke(DelegatingMethodAccessorImpl.java:43)
	at java.lang.reflect.Method.invoke(Method.java:498)
	at org.apache.maven.surefire.util.ReflectionUtils.invokeMethodWithArray(ReflectionUtils.java:189)
	at org.apache.maven.surefire.booter.ProviderFactory$ProviderProxy.invoke(ProviderFactory.java:165)
	at org.apache.maven.surefire.booter.ProviderFactory.invokeProvider(ProviderFactory.java:85)
	at org.apache.maven.surefire.booter.ForkedBooter.runSuitesInProcess(ForkedBooter.java:115)
	at org.apache.maven.surefire.booter.ForkedBooter.main(ForkedBooter.java:75)
]]>
            </full-stacktrace>
          </exception> <!-- java.lang.ArithmeticException -->
          <reporter-output>
          </reporter-output>
        </test-method> <!-- m7 -->
      </class> <!-- com.clc.util.ATest -->
      <class name="com.clc.util.AutheticateTest">
        <test-method status="PASS" signature="cls()[pri:0, instance:com.clc.util.AutheticateTest@3ac3fd8b]" name="cls" is-config="true" duration-ms="2" started-at="2019-03-08T16:52:15Z" finished-at="2019-03-08T16:52:15Z">
          <reporter-output>
          </reporter-output>
        </test-method> <!-- cls -->
        <test-method status="PASS" signature="x()[pri:0, instance:com.clc.util.AutheticateTest@3ac3fd8b]" name="x" is-config="true" duration-ms="1" started-at="2019-03-08T16:52:15Z" finished-at="2019-03-08T16:52:15Z">
          <reporter-output>
          </reporter-output>
        </test-method> <!-- x -->
        <test-method status="PASS" signature="y()[pri:0, instance:com.clc.util.AutheticateTest@3ac3fd8b]" name="y" is-config="true" duration-ms="1" started-at="2019-03-08T16:52:15Z" finished-at="2019-03-08T16:52:15Z">
          <reporter-output>
          </reporter-output>
        </test-method> <!-- y -->
        <test-method status="PASS" signature="verifyCrendentials(java.lang.String, java.lang.String, java.lang.String)[pri:0, instance:com.clc.util.AutheticateTest@3ac3fd8b]" name="verifyCrendentials" duration-ms="5" started-at="2019-03-08T16:52:15Z" data-provider="testData" finished-at="2019-03-08T16:52:15Z">
          <params>
            <param index="0">
              <value>
                <![CDATA[admin]]>
              </value>
            </param>
            <param index="1">
              <value>
                <![CDATA[admin123]]>
              </value>
            </param>
            <param index="2">
              <value>
                <![CDATA[Login Succesful]]>
              </value>
            </param>
          </params>
          <reporter-output>
          </reporter-output>
        </test-method> <!-- verifyCrendentials -->
        <test-method status="PASS" signature="a()[pri:0, instance:com.clc.util.AutheticateTest@3ac3fd8b]" name="a" is-config="true" duration-ms="2" started-at="2019-03-08T16:52:15Z" finished-at="2019-03-08T16:52:15Z">
          <reporter-output>
          </reporter-output>
        </test-method> <!-- a -->
        <test-method status="PASS" signature="x()[pri:0, instance:com.clc.util.AutheticateTest@3ac3fd8b]" name="x" is-config="true" duration-ms="1" started-at="2019-03-08T16:52:15Z" finished-at="2019-03-08T16:52:15Z">
          <reporter-output>
          </reporter-output>
        </test-method> <!-- x -->
        <test-method status="PASS" signature="y()[pri:0, instance:com.clc.util.AutheticateTest@3ac3fd8b]" name="y" is-config="true" duration-ms="1" started-at="2019-03-08T16:52:15Z" finished-at="2019-03-08T16:52:15Z">
          <reporter-output>
          </reporter-output>
        </test-method> <!-- y -->
        <test-method status="PASS" signature="verifyCrendentials(java.lang.String, java.lang.String, java.lang.String)[pri:0, instance:com.clc.util.AutheticateTest@3ac3fd8b]" name="verifyCrendentials" duration-ms="0" started-at="2019-03-08T16:52:15Z" data-provider="testData" finished-at="2019-03-08T16:52:15Z">
          <params>
            <param index="0">
              <value>
                <![CDATA[]]>
              </value>
            </param>
            <param index="1">
              <value>
                <![CDATA[admin123]]>
              </value>
            </param>
            <param index="2">
              <value>
                <![CDATA[Username empty or invalid]]>
              </value>
            </param>
          </params>
          <reporter-output>
          </reporter-output>
        </test-method> <!-- verifyCrendentials -->
        <test-method status="PASS" signature="a()[pri:0, instance:com.clc.util.AutheticateTest@3ac3fd8b]" name="a" is-config="true" duration-ms="1" started-at="2019-03-08T16:52:15Z" finished-at="2019-03-08T16:52:15Z">
          <reporter-output>
          </reporter-output>
        </test-method> <!-- a -->
        <test-method status="PASS" signature="x()[pri:0, instance:com.clc.util.AutheticateTest@3ac3fd8b]" name="x" is-config="true" duration-ms="1" started-at="2019-03-08T16:52:15Z" finished-at="2019-03-08T16:52:15Z">
          <reporter-output>
          </reporter-output>
        </test-method> <!-- x -->
        <test-method status="PASS" signature="y()[pri:0, instance:com.clc.util.AutheticateTest@3ac3fd8b]" name="y" is-config="true" duration-ms="1" started-at="2019-03-08T16:52:15Z" finished-at="2019-03-08T16:52:15Z">
          <reporter-output>
          </reporter-output>
        </test-method> <!-- y -->
        <test-method status="PASS" signature="verifyCrendentials(java.lang.String, java.lang.String, java.lang.String)[pri:0, instance:com.clc.util.AutheticateTest@3ac3fd8b]" name="verifyCrendentials" duration-ms="1" started-at="2019-03-08T16:52:15Z" data-provider="testData" finished-at="2019-03-08T16:52:15Z">
          <params>
            <param index="0">
              <value is-null="true"/>
            </param>
            <param index="1">
              <value>
                <![CDATA[admin123]]>
              </value>
            </param>
            <param index="2">
              <value>
                <![CDATA[Username empty or invalid]]>
              </value>
            </param>
          </params>
          <reporter-output>
          </reporter-output>
        </test-method> <!-- verifyCrendentials -->
        <test-method status="PASS" signature="a()[pri:0, instance:com.clc.util.AutheticateTest@3ac3fd8b]" name="a" is-config="true" duration-ms="1" started-at="2019-03-08T16:52:15Z" finished-at="2019-03-08T16:52:15Z">
          <reporter-output>
          </reporter-output>
        </test-method> <!-- a -->
        <test-method status="PASS" signature="x()[pri:0, instance:com.clc.util.AutheticateTest@3ac3fd8b]" name="x" is-config="true" duration-ms="7" started-at="2019-03-08T16:52:15Z" finished-at="2019-03-08T16:52:15Z">
          <reporter-output>
          </reporter-output>
        </test-method> <!-- x -->
        <test-method status="PASS" signature="y()[pri:0, instance:com.clc.util.AutheticateTest@3ac3fd8b]" name="y" is-config="true" duration-ms="2" started-at="2019-03-08T16:52:15Z" finished-at="2019-03-08T16:52:15Z">
          <reporter-output>
          </reporter-output>
        </test-method> <!-- y -->
        <test-method status="FAIL" signature="verifyCrendentials(java.lang.String, java.lang.String, java.lang.String)[pri:0, instance:com.clc.util.AutheticateTest@3ac3fd8b]" name="verifyCrendentials" duration-ms="3" started-at="2019-03-08T16:52:15Z" data-provider="testData" finished-at="2019-03-08T16:52:15Z">
          <params>
            <param index="0">
              <value>
                <![CDATA[admin]]>
              </value>
            </param>
            <param index="1">
              <value>
                <![CDATA[]]>
              </value>
            </param>
            <param index="2">
              <value>
                <![CDATA[Password empty or invalid1]]>
              </value>
            </param>
          </params>
          <exception class="java.lang.AssertionError">
            <message>
              <![CDATA[expected [Password empty or invalid1] but found [Password empty or invalid]]]>
            </message>
            <full-stacktrace>
              <![CDATA[java.lang.AssertionError: expected [Password empty or invalid1] but found [Password empty or invalid]
	at org.testng.Assert.fail(Assert.java:94)
	at org.testng.Assert.failNotEquals(Assert.java:513)
	at org.testng.Assert.assertEqualsImpl(Assert.java:135)
	at org.testng.Assert.assertEquals(Assert.java:116)
	at org.testng.Assert.assertEquals(Assert.java:190)
	at org.testng.Assert.assertEquals(Assert.java:200)
	at com.clc.util.AutheticateTest.verifyCrendentials(AutheticateTest.java:116)
	at sun.reflect.NativeMethodAccessorImpl.invoke0(Native Method)
	at sun.reflect.NativeMethodAccessorImpl.invoke(NativeMethodAccessorImpl.java:62)
	at sun.reflect.DelegatingMethodAccessorImpl.invoke(DelegatingMethodAccessorImpl.java:43)
	at java.lang.reflect.Method.invoke(Method.java:498)
	at org.testng.internal.MethodInvocationHelper.invokeMethod(MethodInvocationHelper.java:86)
	at org.testng.internal.Invoker.invokeMethod(Invoker.java:643)
	at org.testng.internal.Invoker.invokeTestMethod(Invoker.java:820)
	at org.testng.internal.Invoker.invokeTestMethods(Invoker.java:1128)
	at org.testng.internal.TestMethodWorker.invokeTestMethods(TestMethodWorker.java:129)
	at org.testng.internal.TestMethodWorker.run(TestMethodWorker.java:112)
	at org.testng.TestRunner.privateRun(TestRunner.java:782)
	at org.testng.TestRunner.run(TestRunner.java:632)
	at org.testng.SuiteRunner.runTest(SuiteRunner.java:366)
	at org.testng.SuiteRunner.runSequentially(SuiteRunner.java:361)
	at org.testng.SuiteRunner.privateRun(SuiteRunner.java:319)
	at org.testng.SuiteRunner.run(SuiteRunner.java:268)
	at org.testng.SuiteRunnerWorker.runSuite(SuiteRunnerWorker.java:52)
	at org.testng.SuiteRunnerWorker.run(SuiteRunnerWorker.java:86)
	at org.testng.TestNG.runSuitesSequentially(TestNG.java:1244)
	at org.testng.TestNG.runSuitesLocally(TestNG.java:1169)
	at org.testng.TestNG.run(TestNG.java:1064)
	at org.apache.maven.surefire.testng.TestNGExecutor.run(TestNGExecutor.java:77)
	at org.apache.maven.surefire.testng.TestNGDirectoryTestSuite.executeMulti(TestNGDirectoryTestSuite.java:159)
	at org.apache.maven.surefire.testng.TestNGDirectoryTestSuite.execute(TestNGDirectoryTestSuite.java:99)
	at org.apache.maven.surefire.testng.TestNGProvider.invoke(TestNGProvider.java:106)
	at sun.reflect.NativeMethodAccessorImpl.invoke0(Native Method)
	at sun.reflect.NativeMethodAccessorImpl.invoke(NativeMethodAccessorImpl.java:62)
	at sun.reflect.DelegatingMethodAccessorImpl.invoke(DelegatingMethodAccessorImpl.java:43)
	at java.lang.reflect.Method.invoke(Method.java:498)
	at org.apache.maven.surefire.util.ReflectionUtils.invokeMethodWithArray(ReflectionUtils.java:189)
	at org.apache.maven.surefire.booter.ProviderFactory$ProviderProxy.invoke(ProviderFactory.java:165)
	at org.apache.maven.surefire.booter.ProviderFactory.invokeProvider(ProviderFactory.java:85)
	at org.apache.maven.surefire.booter.ForkedBooter.runSuitesInProcess(ForkedBooter.java:115)
	at org.apache.maven.surefire.booter.ForkedBooter.main(ForkedBooter.java:75)
]]>
            </full-stacktrace>
          </exception> <!-- java.lang.AssertionError -->
          <reporter-output>
          </reporter-output>
        </test-method> <!-- verifyCrendentials -->
        <test-method status="PASS" signature="a()[pri:0, instance:com.clc.util.AutheticateTest@3ac3fd8b]" name="a" is-config="true" duration-ms="0" started-at="2019-03-08T16:52:15Z" finished-at="2019-03-08T16:52:15Z">
          <reporter-output>
          </reporter-output>
        </test-method> <!-- a -->
        <test-method status="PASS" signature="x()[pri:0, instance:com.clc.util.AutheticateTest@3ac3fd8b]" name="x" is-config="true" duration-ms="1" started-at="2019-03-08T16:52:15Z" finished-at="2019-03-08T16:52:15Z">
          <reporter-output>
          </reporter-output>
        </test-method> <!-- x -->
        <test-method status="PASS" signature="y()[pri:0, instance:com.clc.util.AutheticateTest@3ac3fd8b]" name="y" is-config="true" duration-ms="2" started-at="2019-03-08T16:52:15Z" finished-at="2019-03-08T16:52:15Z">
          <reporter-output>
          </reporter-output>
        </test-method> <!-- y -->
        <test-method status="PASS" signature="verifyCrendentials(java.lang.String, java.lang.String, java.lang.String)[pri:0, instance:com.clc.util.AutheticateTest@3ac3fd8b]" name="verifyCrendentials" duration-ms="1" started-at="2019-03-08T16:52:15Z" data-provider="testData" finished-at="2019-03-08T16:52:15Z">
          <params>
            <param index="0">
              <value>
                <![CDATA[admin]]>
              </value>
            </param>
            <param index="1">
              <value is-null="true"/>
            </param>
            <param index="2">
              <value>
                <![CDATA[Password empty or invalid]]>
              </value>
            </param>
          </params>
          <reporter-output>
          </reporter-output>
        </test-method> <!-- verifyCrendentials -->
        <test-method status="PASS" signature="a()[pri:0, instance:com.clc.util.AutheticateTest@3ac3fd8b]" name="a" is-config="true" duration-ms="0" started-at="2019-03-08T16:52:15Z" finished-at="2019-03-08T16:52:15Z">
          <reporter-output>
          </reporter-output>
        </test-method> <!-- a -->
        <test-method status="PASS" signature="y()[pri:0, instance:com.clc.util.AutheticateTest@3ac3fd8b]" name="y" is-config="true" duration-ms="1" started-at="2019-03-08T16:52:15Z" finished-at="2019-03-08T16:52:15Z">
          <reporter-output>
          </reporter-output>
        </test-method> <!-- y -->
        <test-method status="PASS" signature="x()[pri:0, instance:com.clc.util.AutheticateTest@3ac3fd8b]" name="x" is-config="true" duration-ms="0" started-at="2019-03-08T16:52:15Z" finished-at="2019-03-08T16:52:15Z">
          <reporter-output>
          </reporter-output>
        </test-method> <!-- x -->
        <test-method status="PASS" signature="verifyCrendentials(java.lang.String, java.lang.String, java.lang.String)[pri:0, instance:com.clc.util.AutheticateTest@3ac3fd8b]" name="verifyCrendentials" duration-ms="0" started-at="2019-03-08T16:52:15Z" data-provider="testData" finished-at="2019-03-08T16:52:15Z">
          <params>
            <param index="0">
              <value>
                <![CDATA[admin123]]>
              </value>
            </param>
            <param index="1">
              <value>
                <![CDATA[admin]]>
              </value>
            </param>
            <param index="2">
              <value>
                <![CDATA[Username or Password Incorrect]]>
              </value>
            </param>
          </params>
          <reporter-output>
          </reporter-output>
        </test-method> <!-- verifyCrendentials -->
        <test-method status="PASS" signature="a()[pri:0, instance:com.clc.util.AutheticateTest@3ac3fd8b]" name="a" is-config="true" duration-ms="0" started-at="2019-03-08T16:52:15Z" finished-at="2019-03-08T16:52:15Z">
          <reporter-output>
          </reporter-output>
        </test-method> <!-- a -->
        <test-method status="PASS" signature="y()[pri:0, instance:com.clc.util.AutheticateTest@3ac3fd8b]" name="y" is-config="true" duration-ms="1" started-at="2019-03-08T16:52:15Z" finished-at="2019-03-08T16:52:15Z">
          <reporter-output>
          </reporter-output>
        </test-method> <!-- y -->
        <test-method status="PASS" signature="x()[pri:0, instance:com.clc.util.AutheticateTest@3ac3fd8b]" name="x" is-config="true" duration-ms="0" started-at="2019-03-08T16:52:15Z" finished-at="2019-03-08T16:52:15Z">
          <reporter-output>
          </reporter-output>
        </test-method> <!-- x -->
        <test-method status="PASS" signature="verifyCrendentials(java.lang.String, java.lang.String, java.lang.String)[pri:0, instance:com.clc.util.AutheticateTest@3ac3fd8b]" name="verifyCrendentials" duration-ms="0" started-at="2019-03-08T16:52:15Z" data-provider="testData" finished-at="2019-03-08T16:52:15Z">
          <params>
            <param index="0">
              <value>
                <![CDATA[]]>
              </value>
            </param>
            <param index="1">
              <value>
                <![CDATA[]]>
              </value>
            </param>
            <param index="2">
              <value>
                <![CDATA[Username empty or invalid]]>
              </value>
            </param>
          </params>
          <reporter-output>
          </reporter-output>
        </test-method> <!-- verifyCrendentials -->
        <test-method status="PASS" signature="a()[pri:0, instance:com.clc.util.AutheticateTest@3ac3fd8b]" name="a" is-config="true" duration-ms="1" started-at="2019-03-08T16:52:15Z" finished-at="2019-03-08T16:52:15Z">
          <reporter-output>
          </reporter-output>
        </test-method> <!-- a -->
        <test-method status="PASS" signature="y()[pri:0, instance:com.clc.util.AutheticateTest@3ac3fd8b]" name="y" is-config="true" duration-ms="1" started-at="2019-03-08T16:52:15Z" finished-at="2019-03-08T16:52:15Z">
          <reporter-output>
          </reporter-output>
        </test-method> <!-- y -->
        <test-method status="PASS" signature="x()[pri:0, instance:com.clc.util.AutheticateTest@3ac3fd8b]" name="x" is-config="true" duration-ms="0" started-at="2019-03-08T16:52:15Z" finished-at="2019-03-08T16:52:15Z">
          <reporter-output>
          </reporter-output>
        </test-method> <!-- x -->
        <test-method status="PASS" signature="verifyCrendentials(java.lang.String, java.lang.String, java.lang.String)[pri:0, instance:com.clc.util.AutheticateTest@3ac3fd8b]" name="verifyCrendentials" duration-ms="1" started-at="2019-03-08T16:52:15Z" data-provider="testData" finished-at="2019-03-08T16:52:15Z">
          <params>
            <param index="0">
              <value is-null="true"/>
            </param>
            <param index="1">
              <value is-null="true"/>
            </param>
            <param index="2">
              <value>
                <![CDATA[Username empty or invalid]]>
              </value>
            </param>
          </params>
          <reporter-output>
          </reporter-output>
        </test-method> <!-- verifyCrendentials -->
        <test-method status="PASS" signature="a()[pri:0, instance:com.clc.util.AutheticateTest@3ac3fd8b]" name="a" is-config="true" duration-ms="1" started-at="2019-03-08T16:52:15Z" finished-at="2019-03-08T16:52:15Z">
          <reporter-output>
          </reporter-output>
        </test-method> <!-- a -->
      </class> <!-- com.clc.util.AutheticateTest -->
    </test> <!-- Command line test -->
  </suite> <!-- Command line suite -->
</testng-results>
